<?xml version="1.0" encoding="UTF-8"?>
<!-- Generated by org.testng.reporters.JUnitReportReporter -->
<testsuite skipped="0" hostname="WINDOWS-MLNK3B1" name="Test_TestNG.Testing_Assert" tests="1" failures="0" timestamp="13 Jan 2018 19:14:33 GMT" time="17.881" errors="0">
  <testcase name="f" time="17.881" classname="Test_TestNG.Testing_Assert"/>
</testsuite> <!-- Test_TestNG.Testing_Assert -->
