<?xml version="1.0" encoding="UTF-8"?>
<!-- Generated by org.testng.reporters.JUnitReportReporter -->
<testsuite skipped="0" hostname="WINDOWS-MLNK3B1" name="Test_TestNG.NewTest" tests="3" failures="0" timestamp="11 Jan 2018 20:14:04 GMT" time="0.022" errors="0">
  <testcase name="f1" time="0.005" classname="Test_TestNG.NewTest"/>
  <testcase name="f" time="0.009" classname="Test_TestNG.NewTest"/>
  <testcase name="f2" time="0.008" classname="Test_TestNG.NewTest"/>
</testsuite> <!-- Test_TestNG.NewTest -->
