<?xml version="1.0" encoding="UTF-8"?>
<!-- Generated by org.testng.reporters.JUnitReportReporter -->
<testsuite skipped="0" hostname="WINDOWS-MLNK3B1" name="Test_TestNG.Cross_Browser" tests="2" failures="0" timestamp="14 Jan 2018 19:52:48 GMT" time="34.645" errors="0">
  <testcase name="login" time="17.021" classname="Test_TestNG.Cross_Browser"/>
  <testcase name="login" time="17.624" classname="Test_TestNG.Cross_Browser"/>
</testsuite> <!-- Test_TestNG.Cross_Browser -->
