<?xml version="1.0" encoding="UTF-8"?>
<!-- Generated by org.testng.reporters.JUnitReportReporter -->
<testsuite skipped="0" hostname="WINDOWS-MLNK3B1" name="Test_TestNG.Parameterization" tests="1" failures="0" timestamp="13 Jan 2018 19:47:35 GMT" time="20.758" errors="0">
  <testcase name="fun" time="20.758" classname="Test_TestNG.Parameterization"/>
</testsuite> <!-- Test_TestNG.Parameterization -->
