<?xml version="1.0" encoding="UTF-8"?>
<!-- Generated by org.testng.reporters.JUnitReportReporter -->
<testsuite skipped="0" hostname="WINDOWS-MLNK3B1" name="prog_Pckg.Ttt" tests="1" failures="0" timestamp="04 Jan 2018 17:42:28 GMT" time="22.090" errors="0">
  <testcase name="testTtt" time="22.090" classname="prog_Pckg.Ttt"/>
</testsuite> <!-- prog_Pckg.Ttt -->
