<?xml version="1.0" encoding="UTF-8"?>
<!-- Generated by org.testng.reporters.JUnitReportReporter -->
<testsuite skipped="1" hostname="WINDOWS-MLNK3B1" name="Test_TestNG.Priority_Class" tests="3" failures="0" timestamp="11 Jan 2018 20:41:02 GMT" time="0.014" errors="0">
  <testcase name="fun3" time="0.013" classname="Test_TestNG.Priority_Class"/>
  <testcase name="fun1" time="0.001" classname="Test_TestNG.Priority_Class"/>
  <testcase name="fun2" classname="Test_TestNG.Priority_Class">
    <skipped/>
  </testcase> <!-- fun2 -->
</testsuite> <!-- Test_TestNG.Priority_Class -->
