<?xml version="1.0" encoding="UTF-8"?>
<!-- Generated by org.testng.reporters.JUnitReportReporter -->
<testsuite skipped="0" hostname="WINDOWS-MLNK3B1" name="Test_TestNG.Testing_DependMethod" tests="3" failures="0" timestamp="13 Jan 2018 18:39:03 GMT" time="23.756" errors="0">
  <testcase name="LaunchUrl" time="23.731" classname="Test_TestNG.Testing_DependMethod"/>
  <testcase name="openBrowser" time="0.023" classname="Test_TestNG.Testing_DependMethod"/>
  <testcase name="CloseBrowser" time="0.002" classname="Test_TestNG.Testing_DependMethod"/>
</testsuite> <!-- Test_TestNG.Testing_DependMethod -->
